<?xml version="1.0" encoding="UTF-8"?>
<!-- Generated by org.testng.reporters.JUnitReportReporter -->
<testsuite skipped="0" hostname="DESKTOP-HGBH8UP" name="org.testing.testScripts.TC1" tests="1" failures="0" timestamp="2021-12-25T18:15:36 IST" time="3.895" errors="0">
  <testcase name="testCase1" time="3.895" classname="org.testing.testScripts.TC1"/>
  <system-out/>
</testsuite> <!-- org.testing.testScripts.TC1 -->
