<?xml version="1.0" encoding="UTF-8"?>
<!-- Generated by org.testng.reporters.JUnitReportReporter -->
<testsuite skipped="0" hostname="DESKTOP-HGBH8UP" name="org.testing.testScripts.TC5" tests="1" failures="0" timestamp="2021-12-25T18:15:36 IST" time="0.045" errors="0">
  <testcase name="TestCase5" time="0.045" classname="org.testing.testScripts.TC5"/>
  <system-out/>
</testsuite> <!-- org.testing.testScripts.TC5 -->
